Swift 0.95 Branch SVN swift-r7924 (swift modified locally) cog-r3951 (cog modified locally)
RunID: run006
Progress: Thu, 14 Aug 2014 20:31:21-0500
Progress: Thu, 14 Aug 2014 20:31:22-0500  Submitting:10
Progress: Thu, 14 Aug 2014 20:31:32-0500  Submitting:9  Failed but can retry:1
Progress: Thu, 14 Aug 2014 20:31:34-0500  Submitting:8  Failed but can retry:2
Progress: Thu, 14 Aug 2014 20:31:35-0500  Submitting:7  Failed but can retry:3
Progress: Thu, 14 Aug 2014 20:31:37-0500  Submitting:6  Failed but can retry:4
Progress: Thu, 14 Aug 2014 20:31:38-0500  Submitting:5  Failed but can retry:5
Progress: Thu, 14 Aug 2014 20:31:40-0500  Submitting:4  Failed but can retry:6
Progress: Thu, 14 Aug 2014 20:31:41-0500  Submitting:10
Progress: Thu, 14 Aug 2014 20:31:43-0500  Submitting:9  Failed but can retry:1
Progress: Thu, 14 Aug 2014 20:31:44-0500  Submitting:8  Failed but can retry:2
Progress: Thu, 14 Aug 2014 20:31:46-0500  Submitting:7  Failed but can retry:3
Progress: Thu, 14 Aug 2014 20:31:47-0500  Submitting:6  Failed but can retry:4
Progress: Thu, 14 Aug 2014 20:31:49-0500  Submitting:5  Failed but can retry:5
Progress: Thu, 14 Aug 2014 20:31:50-0500  Submitting:4  Failed but can retry:6
Progress: Thu, 14 Aug 2014 20:31:52-0500  Submitting:10
Progress: Thu, 14 Aug 2014 20:31:53-0500  Submitting:9  Failed but can retry:1
Progress: Thu, 14 Aug 2014 20:31:55-0500  Submitting:8  Failed but can retry:2
Progress: Thu, 14 Aug 2014 20:31:56-0500  Submitting:7  Failed but can retry:3
Progress: Thu, 14 Aug 2014 20:31:58-0500  Submitting:6  Failed but can retry:4
Progress: Thu, 14 Aug 2014 20:31:59-0500  Submitting:5  Failed but can retry:5
Progress: Thu, 14 Aug 2014 20:32:01-0500  Submitting:4  Failed but can retry:6

Execution failed:
Exception in bash:
    Arguments: [simulate.sh, --timesteps, 1, --range, 100, --nvalues, 5]
    Host: beagle-remote
    Directory: p4-run006/jobs/k/bash-ki2v4zul
	exception @ swift-int-staging.k, line: 182
Caused by: 
	exception @ swift-int-staging.k, line: 178
Caused by: null
Caused by: org.globus.cog.abstraction.impl.common.task.TaskSubmissionException: Could not submit job
Caused by: org.globus.cog.abstraction.impl.common.task.TaskSubmissionException: Could not start coaster service
Caused by: org.globus.cog.abstraction.impl.common.task.TaskSubmissionException: Task ended before registration was received. 
Failed to download bootstrap jar from http://borgmachine:34795

sun-java version jdk1.7.0_02 loaded
ant version 1.8.3 requires Sun's java, loading it
ant version 1.8.3 loaded
Switching to GNU compiler environment
Python version 2.7.3-vanilla loaded
Tcl version 8.5.7 (gnu compiler) loaded
sun-java version jdk1.7.0_02 loaded
ant version 1.8.3 requires Sun's java, loading it
ant version 1.8.3 loaded
Python version 2.7.3-vanilla loaded
Tcl version 8.5.7 (gnu compiler) loaded
sun-java version jdk1.7.0_02 loaded
ant version 1.8.3 requires Sun's java, loading it
ant version 1.8.3 loaded
Python version 2.7.3-vanilla loaded
Tcl version 8.5.7 (gnu compiler) loaded
/bin/bash: line 19: /lustre/beagle/yadu/coaster-bootstrap-11489118638.log: No such file or directory
/bin/bash: line 22: /lustre/beagle/yadu/coaster-bootstrap-11489118638.log: No such file or directory
cat: /tmp/11489118638: No such file or directory
/bin/bash: line 44: /lustre/beagle/yadu/coaster-bootstrap-11489118638.log: No such file or directory
/bin/bash: line 68: /lustre/beagle/yadu/coaster-bootstrap-11489118638.log: No such file or directory
/bin/bash: line 82: /lustre/beagle/yadu/coaster-bootstrap-11489118638.log: No such file or directory
/bin/bash: line 11: /lustre/beagle/yadu/coaster-bootstrap-11489118638.log: No such file or directory

